app/build/intermediates/manifest_merge_blame_file/debug/manifest-merger-blame-debug-report.txt
1<?xml version="1.0" encoding="utf-8"?>
2<manifest xmlns:android="http://schemas.android.com/apk/res/android"
3    package="com.chonbonstudios.smartplaylists"
4    android:versionCode="1"
5    android:versionName="0.1" >
6
7    <uses-sdk
8        android:minSdkVersion="21"
8-->src/main/AndroidManifest.xml
9        android:targetSdkVersion="29" />
9-->src/main/AndroidManifest.xml
10
11    <uses-permission android:name="android.permission.INTERNET" />
11-->src/main/AndroidManifest.xml:4:5-66
11-->src/main/AndroidManifest.xml:4:22-64
12    <uses-permission android:name="android.permission.ACCESS_NETWORK_STATE" />
12-->src/main/AndroidManifest.xml:5:5-78
12-->src/main/AndroidManifest.xml:5:22-76
13    <uses-permission android:name="android.permission.WAKE_LOCK" />
13-->[:mediaplayback-release-1.0.0:] AndroidManifest.xml:11:5-68
13-->[:mediaplayback-release-1.0.0:] AndroidManifest.xml:11:22-65
14
15    <application
15-->src/main/AndroidManifest.xml:6:5-32:19
16        android:allowBackup="true"
16-->src/main/AndroidManifest.xml:7:9-35
17        android:appComponentFactory="androidx.core.app.CoreComponentFactory"
17-->[androidx.core:core:1.1.0] AndroidManifest.xml:24:18-86
18        android:debuggable="true"
19        android:icon="@mipmap/ic_launcher"
19-->src/main/AndroidManifest.xml:8:9-43
20        android:label="@string/app_name"
20-->src/main/AndroidManifest.xml:9:9-41
21        android:roundIcon="@mipmap/ic_launcher_round"
21-->src/main/AndroidManifest.xml:10:9-54
22        android:supportsRtl="true"
22-->src/main/AndroidManifest.xml:11:9-35
23        android:testOnly="true"
24        android:theme="@style/AppTheme"
24-->src/main/AndroidManifest.xml:13:9-40
25        android:usesCleartextTraffic="true" >
25-->src/main/AndroidManifest.xml:12:9-44
26        <activity android:name="com.chonbonstudios.smartplaylists.TransferActivity" />
26-->src/main/AndroidManifest.xml:14:9-63
26-->src/main/AndroidManifest.xml:14:19-51
27        <activity android:name="com.chonbonstudios.smartplaylists.MainActivity" >
27-->src/main/AndroidManifest.xml:15:9-24:20
27-->src/main/AndroidManifest.xml:15:19-47
28            <intent-filter>
28-->src/main/AndroidManifest.xml:16:13-23:29
29                <action android:name="android.intent.action.VIEW" />
29-->src/main/AndroidManifest.xml:17:17-68
29-->src/main/AndroidManifest.xml:17:25-66
30
31                <category android:name="android.intent.category.DEFAULT" />
31-->src/main/AndroidManifest.xml:18:17-76
31-->src/main/AndroidManifest.xml:18:27-73
32                <category android:name="android.intent.category.BROWSABLE" />
32-->src/main/AndroidManifest.xml:19:17-78
32-->src/main/AndroidManifest.xml:19:27-75
33
34                <data android:host="smartplaylists.chonbonstudios.com" />
34-->src/main/AndroidManifest.xml:20:17-74
34-->src/main/AndroidManifest.xml:20:23-71
35                <data android:scheme="https" />
35-->src/main/AndroidManifest.xml:20:17-74
35-->src/main/AndroidManifest.xml:21:23-45
36                <data android:pathPrefix="/auth" />
36-->src/main/AndroidManifest.xml:20:17-74
36-->src/main/AndroidManifest.xml:22:23-49
37            </intent-filter>
38        </activity>
39        <activity android:name="com.chonbonstudios.smartplaylists.NotSignedInActivity" >
39-->src/main/AndroidManifest.xml:25:9-31:20
39-->src/main/AndroidManifest.xml:25:19-54
40            <intent-filter>
40-->src/main/AndroidManifest.xml:26:13-30:29
41                <action android:name="android.intent.action.MAIN" />
41-->src/main/AndroidManifest.xml:27:17-69
41-->src/main/AndroidManifest.xml:27:25-66
42
43                <category android:name="android.intent.category.LAUNCHER" />
43-->src/main/AndroidManifest.xml:29:17-77
43-->src/main/AndroidManifest.xml:29:27-74
44            </intent-filter>
45        </activity>
46
47        <service
47-->[:mediaplayback-release-1.0.0:] AndroidManifest.xml:15:9-18:49
48            android:name="com.apple.android.music.playback.reporting.ReportingService"
48-->[:mediaplayback-release-1.0.0:] AndroidManifest.xml:16:13-87
49            android:exported="false"
49-->[:mediaplayback-release-1.0.0:] AndroidManifest.xml:17:13-37
50            android:label="Reporting Service" />
50-->[:mediaplayback-release-1.0.0:] AndroidManifest.xml:18:13-46
51        <service
51-->[:mediaplayback-release-1.0.0:] AndroidManifest.xml:19:9-23:72
52            android:name="com.apple.android.music.playback.reporting.ReportingServiceApi26"
52-->[:mediaplayback-release-1.0.0:] AndroidManifest.xml:20:13-92
53            android:exported="false"
53-->[:mediaplayback-release-1.0.0:] AndroidManifest.xml:21:13-37
54            android:label="Reporting Service"
54-->[:mediaplayback-release-1.0.0:] AndroidManifest.xml:22:13-46
55            android:permission="android.permission.BIND_JOB_SERVICE" />
55-->[:mediaplayback-release-1.0.0:] AndroidManifest.xml:23:13-69
56
57        <activity
57-->[:musickitauth-release-1.0.0:] AndroidManifest.xml:14:9-18:20
58            android:name="com.apple.android.sdk.authentication.StartAuthenticationActivity"
58-->[:musickitauth-release-1.0.0:] AndroidManifest.xml:15:13-92
59            android:screenOrientation="portrait"
59-->[:musickitauth-release-1.0.0:] AndroidManifest.xml:16:13-49
60            android:theme="@style/MusicKitAuthTheme" >
60-->[:musickitauth-release-1.0.0:] AndroidManifest.xml:17:13-53
61        </activity>
62        <activity
62-->[:musickitauth-release-1.0.0:] AndroidManifest.xml:19:9-35:20
63            android:name="com.apple.android.sdk.authentication.SDKUriHandlerActivity"
63-->[:musickitauth-release-1.0.0:] AndroidManifest.xml:20:13-86
64            android:launchMode="singleTask"
64-->[:musickitauth-release-1.0.0:] AndroidManifest.xml:21:13-44
65            android:screenOrientation="portrait"
65-->[:musickitauth-release-1.0.0:] AndroidManifest.xml:22:13-49
66            android:theme="@style/MusicKitAuthTheme" >
66-->[:musickitauth-release-1.0.0:] AndroidManifest.xml:23:13-53
67            <intent-filter>
67-->[:musickitauth-release-1.0.0:] AndroidManifest.xml:24:13-34:29
68                <action android:name="android.intent.action.VIEW" />
68-->src/main/AndroidManifest.xml:17:17-68
68-->src/main/AndroidManifest.xml:17:25-66
69
70                <category android:name="android.intent.category.DEFAULT" />
70-->src/main/AndroidManifest.xml:18:17-76
70-->src/main/AndroidManifest.xml:18:27-73
71                <category android:name="android.intent.category.BROWSABLE" />
71-->src/main/AndroidManifest.xml:19:17-78
71-->src/main/AndroidManifest.xml:19:27-75
72
73                <data
73-->src/main/AndroidManifest.xml:20:17-74
74                    android:host="com.chonbonstudios.smartplaylists"
74-->src/main/AndroidManifest.xml:20:23-71
75                    android:pathPattern="/authenticateresult.*"
76                    android:scheme="musicsdk" />
76-->src/main/AndroidManifest.xml:21:23-45
77            </intent-filter>
78        </activity>
79
80        <provider
80-->[androidx.lifecycle:lifecycle-process:2.0.0] AndroidManifest.xml:23:9-27:43
81            android:name="androidx.lifecycle.ProcessLifecycleOwnerInitializer"
81-->[androidx.lifecycle:lifecycle-process:2.0.0] AndroidManifest.xml:24:13-79
82            android:authorities="com.chonbonstudios.smartplaylists.lifecycle-process"
82-->[androidx.lifecycle:lifecycle-process:2.0.0] AndroidManifest.xml:25:13-69
83            android:exported="false"
83-->[androidx.lifecycle:lifecycle-process:2.0.0] AndroidManifest.xml:26:13-37
84            android:multiprocess="true" />
84-->[androidx.lifecycle:lifecycle-process:2.0.0] AndroidManifest.xml:27:13-40
85    </application>
86
87</manifest>